CRITICAL - 2024-12-09 15:14:53 --> Error: Class "App\Controllers\AmigoModel" not found
[Method: GET, Route: amigo]
in APPPATH\Controllers\amigo.php on line 21.
 1 SYSTEMPATH\CodeIgniter.php(933): App\Controllers\Amigo->index()
 2 SYSTEMPATH\CodeIgniter.php(509): CodeIgniter\CodeIgniter->runController(Object(App\Controllers\Amigo))
 3 SYSTEMPATH\CodeIgniter.php(355): CodeIgniter\CodeIgniter->handleRequest(null, Object(Config\Cache), false)
 4 SYSTEMPATH\Boot.php(325): CodeIgniter\CodeIgniter->run()
 5 SYSTEMPATH\Boot.php(67): CodeIgniter\Boot::runCodeIgniter(Object(CodeIgniter\CodeIgniter))
 6 FCPATH\index.php(56): CodeIgniter\Boot::bootWeb(Object(Config\Paths))
ERROR - 2024-12-09 15:16:11 --> mysqli_sql_exception: Unknown column 'estado' in 'where clause' in C:\xampp\htdocs\ProyectoTreesCI\system\Database\MySQLi\Connection.php:312
Stack trace:
#0 C:\xampp\htdocs\ProyectoTreesCI\system\Database\MySQLi\Connection.php(312): mysqli->query('SELECT *\nFROM `...', 0)
#1 C:\xampp\htdocs\ProyectoTreesCI\system\Database\BaseConnection.php(734): CodeIgniter\Database\MySQLi\Connection->execute('SELECT *\nFROM `...')
#2 C:\xampp\htdocs\ProyectoTreesCI\system\Database\BaseConnection.php(648): CodeIgniter\Database\BaseConnection->simpleQuery('SELECT *\nFROM `...')
#3 C:\xampp\htdocs\ProyectoTreesCI\system\Database\BaseBuilder.php(1644): CodeIgniter\Database\BaseConnection->query('SELECT *\nFROM `...', Array, false)
#4 C:\xampp\htdocs\ProyectoTreesCI\system\Model.php(286): CodeIgniter\Database\BaseBuilder->get()
#5 C:\xampp\htdocs\ProyectoTreesCI\system\BaseModel.php(676): CodeIgniter\Model->doFindAll(0, 0)
#6 C:\xampp\htdocs\ProyectoTreesCI\app\Models\AmigoArbolModel.php(32): CodeIgniter\BaseModel->findAll()
#7 C:\xampp\htdocs\ProyectoTreesCI\app\Controllers\amigo.php(25): App\Models\AmigoArbolModel->obtenerArbolesDisponibles()
#8 C:\xampp\htdocs\ProyectoTreesCI\system\CodeIgniter.php(933): App\Controllers\Amigo->index()
#9 C:\xampp\htdocs\ProyectoTreesCI\system\CodeIgniter.php(509): CodeIgniter\CodeIgniter->runController(Object(App\Controllers\Amigo))
#10 C:\xampp\htdocs\ProyectoTreesCI\system\CodeIgniter.php(355): CodeIgniter\CodeIgniter->handleRequest(NULL, Object(Config\Cache), false)
#11 C:\xampp\htdocs\ProyectoTreesCI\system\Boot.php(325): CodeIgniter\CodeIgniter->run()
#12 C:\xampp\htdocs\ProyectoTreesCI\system\Boot.php(67): CodeIgniter\Boot::runCodeIgniter(Object(CodeIgniter\CodeIgniter))
#13 C:\xampp\htdocs\ProyectoTreesCI\public\index.php(56): CodeIgniter\Boot::bootWeb(Object(Config\Paths))
#14 {main}
CRITICAL - 2024-12-09 15:16:11 --> CodeIgniter\Database\Exceptions\DatabaseException: Unknown column 'estado' in 'where clause'
[Method: GET, Route: amigo]
in SYSTEMPATH\Database\BaseConnection.php on line 688.
 1 SYSTEMPATH\Database\BaseBuilder.php(1644): CodeIgniter\Database\BaseConnection->query('SELECT *
FROM `amigo_arbol`
WHERE `estado` = :estado:', [...], false)
 2 SYSTEMPATH\Model.php(286): CodeIgniter\Database\BaseBuilder->get()
 3 SYSTEMPATH\BaseModel.php(676): CodeIgniter\Model->doFindAll(0, 0)
 4 APPPATH\Models\AmigoArbolModel.php(32): CodeIgniter\BaseModel->findAll()
 5 APPPATH\Controllers\amigo.php(25): App\Models\AmigoArbolModel->obtenerArbolesDisponibles()
 6 SYSTEMPATH\CodeIgniter.php(933): App\Controllers\Amigo->index()
 7 SYSTEMPATH\CodeIgniter.php(509): CodeIgniter\CodeIgniter->runController(Object(App\Controllers\Amigo))
 8 SYSTEMPATH\CodeIgniter.php(355): CodeIgniter\CodeIgniter->handleRequest(null, Object(Config\Cache), false)
 9 SYSTEMPATH\Boot.php(325): CodeIgniter\CodeIgniter->run()
10 SYSTEMPATH\Boot.php(67): CodeIgniter\Boot::runCodeIgniter(Object(CodeIgniter\CodeIgniter))
11 FCPATH\index.php(56): CodeIgniter\Boot::bootWeb(Object(Config\Paths))
CRITICAL - 2024-12-09 15:16:11 --> [Caused by] CodeIgniter\Database\Exceptions\DatabaseException: Unknown column 'estado' in 'where clause'
in SYSTEMPATH\Database\MySQLi\Connection.php on line 317.
 1 SYSTEMPATH\Database\BaseConnection.php(734): CodeIgniter\Database\MySQLi\Connection->execute('SELECT *
FROM `amigo_arbol`
WHERE `estado` = \'Disponible\'')
 2 SYSTEMPATH\Database\BaseConnection.php(648): CodeIgniter\Database\BaseConnection->simpleQuery('SELECT *
FROM `amigo_arbol`
WHERE `estado` = \'Disponible\'')
 3 SYSTEMPATH\Database\BaseBuilder.php(1644): CodeIgniter\Database\BaseConnection->query('SELECT *
FROM `amigo_arbol`
WHERE `estado` = :estado:', [...], false)
 4 SYSTEMPATH\Model.php(286): CodeIgniter\Database\BaseBuilder->get()
 5 SYSTEMPATH\BaseModel.php(676): CodeIgniter\Model->doFindAll(0, 0)
 6 APPPATH\Models\AmigoArbolModel.php(32): CodeIgniter\BaseModel->findAll()
 7 APPPATH\Controllers\amigo.php(25): App\Models\AmigoArbolModel->obtenerArbolesDisponibles()
 8 SYSTEMPATH\CodeIgniter.php(933): App\Controllers\Amigo->index()
 9 SYSTEMPATH\CodeIgniter.php(509): CodeIgniter\CodeIgniter->runController(Object(App\Controllers\Amigo))
10 SYSTEMPATH\CodeIgniter.php(355): CodeIgniter\CodeIgniter->handleRequest(null, Object(Config\Cache), false)
11 SYSTEMPATH\Boot.php(325): CodeIgniter\CodeIgniter->run()
12 SYSTEMPATH\Boot.php(67): CodeIgniter\Boot::runCodeIgniter(Object(CodeIgniter\CodeIgniter))
13 FCPATH\index.php(56): CodeIgniter\Boot::bootWeb(Object(Config\Paths))
CRITICAL - 2024-12-09 15:16:11 --> [Caused by] mysqli_sql_exception: Unknown column 'estado' in 'where clause'
in SYSTEMPATH\Database\MySQLi\Connection.php on line 312.
 1 SYSTEMPATH\Database\MySQLi\Connection.php(312): mysqli->query('SELECT *
FROM `amigo_arbol`
WHERE `estado` = \'Disponible\'', 0)
 2 SYSTEMPATH\Database\BaseConnection.php(734): CodeIgniter\Database\MySQLi\Connection->execute('SELECT *
FROM `amigo_arbol`
WHERE `estado` = \'Disponible\'')
 3 SYSTEMPATH\Database\BaseConnection.php(648): CodeIgniter\Database\BaseConnection->simpleQuery('SELECT *
FROM `amigo_arbol`
WHERE `estado` = \'Disponible\'')
 4 SYSTEMPATH\Database\BaseBuilder.php(1644): CodeIgniter\Database\BaseConnection->query('SELECT *
FROM `amigo_arbol`
WHERE `estado` = :estado:', [...], false)
 5 SYSTEMPATH\Model.php(286): CodeIgniter\Database\BaseBuilder->get()
 6 SYSTEMPATH\BaseModel.php(676): CodeIgniter\Model->doFindAll(0, 0)
 7 APPPATH\Models\AmigoArbolModel.php(32): CodeIgniter\BaseModel->findAll()
 8 APPPATH\Controllers\amigo.php(25): App\Models\AmigoArbolModel->obtenerArbolesDisponibles()
 9 SYSTEMPATH\CodeIgniter.php(933): App\Controllers\Amigo->index()
10 SYSTEMPATH\CodeIgniter.php(509): CodeIgniter\CodeIgniter->runController(Object(App\Controllers\Amigo))
11 SYSTEMPATH\CodeIgniter.php(355): CodeIgniter\CodeIgniter->handleRequest(null, Object(Config\Cache), false)
12 SYSTEMPATH\Boot.php(325): CodeIgniter\CodeIgniter->run()
13 SYSTEMPATH\Boot.php(67): CodeIgniter\Boot::runCodeIgniter(Object(CodeIgniter\CodeIgniter))
14 FCPATH\index.php(56): CodeIgniter\Boot::bootWeb(Object(Config\Paths))
CRITICAL - 2024-12-09 15:23:12 --> ErrorException: Undefined array key "especie"
[Method: GET, Route: amigo]
in APPPATH\Views\amigo\dashboard.php on line 53.
 1 APPPATH\Views\amigo\dashboard.php(53): CodeIgniter\Debug\Exceptions->errorHandler(2, 'Undefined array key "especie"', 'C:\\xampp\\htdocs\\ProyectoTreesCI\\app\\Views\\amigo\\dashboard.php', 53)
 2 SYSTEMPATH\View\View.php(234): include('C:\\xampp\\htdocs\\ProyectoTreesCI\\app\\Views\\amigo\\dashboard.php')
 3 SYSTEMPATH\View\View.php(237): CodeIgniter\View\View->CodeIgniter\View\{closure}()
 4 SYSTEMPATH\Common.php(1171): CodeIgniter\View\View->render('amigo/dashboard', [], true)
 5 APPPATH\Controllers\amigo.php(37): view('amigo/dashboard', [...])
 6 SYSTEMPATH\CodeIgniter.php(933): App\Controllers\Amigo->index()
 7 SYSTEMPATH\CodeIgniter.php(509): CodeIgniter\CodeIgniter->runController(Object(App\Controllers\Amigo))
 8 SYSTEMPATH\CodeIgniter.php(355): CodeIgniter\CodeIgniter->handleRequest(null, Object(Config\Cache), false)
 9 SYSTEMPATH\Boot.php(325): CodeIgniter\CodeIgniter->run()
10 SYSTEMPATH\Boot.php(67): CodeIgniter\Boot::runCodeIgniter(Object(CodeIgniter\CodeIgniter))
11 FCPATH\index.php(56): CodeIgniter\Boot::bootWeb(Object(Config\Paths))
CRITICAL - 2024-12-09 15:23:17 --> ErrorException: Undefined array key "especie"
[Method: GET, Route: amigo]
in APPPATH\Views\amigo\dashboard.php on line 53.
 1 APPPATH\Views\amigo\dashboard.php(53): CodeIgniter\Debug\Exceptions->errorHandler(2, 'Undefined array key "especie"', 'C:\\xampp\\htdocs\\ProyectoTreesCI\\app\\Views\\amigo\\dashboard.php', 53)
 2 SYSTEMPATH\View\View.php(234): include('C:\\xampp\\htdocs\\ProyectoTreesCI\\app\\Views\\amigo\\dashboard.php')
 3 SYSTEMPATH\View\View.php(237): CodeIgniter\View\View->CodeIgniter\View\{closure}()
 4 SYSTEMPATH\Common.php(1171): CodeIgniter\View\View->render('amigo/dashboard', [], true)
 5 APPPATH\Controllers\amigo.php(37): view('amigo/dashboard', [...])
 6 SYSTEMPATH\CodeIgniter.php(933): App\Controllers\Amigo->index()
 7 SYSTEMPATH\CodeIgniter.php(509): CodeIgniter\CodeIgniter->runController(Object(App\Controllers\Amigo))
 8 SYSTEMPATH\CodeIgniter.php(355): CodeIgniter\CodeIgniter->handleRequest(null, Object(Config\Cache), false)
 9 SYSTEMPATH\Boot.php(325): CodeIgniter\CodeIgniter->run()
10 SYSTEMPATH\Boot.php(67): CodeIgniter\Boot::runCodeIgniter(Object(CodeIgniter\CodeIgniter))
11 FCPATH\index.php(56): CodeIgniter\Boot::bootWeb(Object(Config\Paths))
